2025/11/10 03:45:37 Authorizing with Application Default Credentials
2025/11/10 03:45:37 [nikhil-ai-agents-19137.us-central1.alloydb-cluster.alloydb-inst] Listening on 127.0.0.1:5432
2025/11/10 03:45:37 The proxy has started successfully and is ready for new connections!
2025/11/10 03:45:44 [nikhil-ai-agents-19137.us-central1.alloydb-cluster.alloydb-inst] accepted connection from 127.0.0.1:48978
2025/11/10 03:45:44 [nikhil-ai-agents-19137.us-central1.alloydb-cluster.alloydb-inst] failed to connect to instance: failed to get instance IP address: refresh error: failed to get instance metadata (instance URI = "nikhil-ai-agents-19137/us-central1/alloydb-cluster/alloydb-inst"): Get "https://alloydb.googleapis.com/v1alpha/projects/nikhil-ai-agents-19137/locations/us-central1/clusters/alloydb-cluster/instances/alloydb-inst/connectionInfo?%24alt=json%3Benum-encoding%3Dint": oauth2/google: invalid token JSON from metadata: EOF
2025/11/10 03:45:44 [nikhil-ai-agents-19137.us-central1.alloydb-cluster.alloydb-inst] accepted connection from 127.0.0.1:48986
2025/11/10 03:45:44 [nikhil-ai-agents-19137.us-central1.alloydb-cluster.alloydb-inst] failed to connect to instance: failed to get instance IP address: refresh error: failed to get instance metadata (instance URI = "nikhil-ai-agents-19137/us-central1/alloydb-cluster/alloydb-inst"): Get "https://alloydb.googleapis.com/v1alpha/projects/nikhil-ai-agents-19137/locations/us-central1/clusters/alloydb-cluster/instances/alloydb-inst/connectionInfo?%24alt=json%3Benum-encoding%3Dint": oauth2/google: invalid token JSON from metadata: EOF
2025/11/10 03:45:46 [nikhil-ai-agents-19137.us-central1.alloydb-cluster.alloydb-inst] accepted connection from 127.0.0.1:48992
2025/11/10 03:45:46 [nikhil-ai-agents-19137.us-central1.alloydb-cluster.alloydb-inst] failed to connect to instance: failed to get instance IP address: refresh error: failed to get instance metadata (instance URI = "nikhil-ai-agents-19137/us-central1/alloydb-cluster/alloydb-inst"): Get "https://alloydb.googleapis.com/v1alpha/projects/nikhil-ai-agents-19137/locations/us-central1/clusters/alloydb-cluster/instances/alloydb-inst/connectionInfo?%24alt=json%3Benum-encoding%3Dint": oauth2/google: invalid token JSON from metadata: EOF
2025/11/10 03:46:44 rpc error: code = Unauthenticated desc = transport: per-RPC creds failed due to error: oauth2/google: invalid token JSON from metadata: EOF
2025/11/10 03:47:44 rpc error: code = Unauthenticated desc = transport: per-RPC creds failed due to error: oauth2/google: invalid token JSON from metadata: EOF
2025/11/10 03:48:44 rpc error: code = Unauthenticated desc = transport: per-RPC creds failed due to error: oauth2/google: invalid token JSON from metadata: EOF
2025/11/10 03:49:44 rpc error: code = Unauthenticated desc = transport: per-RPC creds failed due to error: oauth2/google: invalid token JSON from metadata: EOF
2025/11/10 03:50:44 rpc error: code = Unauthenticated desc = transport: per-RPC creds failed due to error: oauth2/google: invalid token JSON from metadata: EOF
2025/11/10 03:51:44 rpc error: code = Unauthenticated desc = transport: per-RPC creds failed due to error: oauth2/google: invalid token JSON from metadata: EOF
2025/11/10 03:52:44 rpc error: code = Unauthenticated desc = transport: per-RPC creds failed due to error: oauth2/google: invalid token JSON from metadata: EOF
2025/11/10 03:53:44 rpc error: code = Unauthenticated desc = transport: per-RPC creds failed due to error: oauth2/google: invalid token JSON from metadata: EOF
2025/11/10 03:54:44 rpc error: code = Unauthenticated desc = transport: per-RPC creds failed due to error: oauth2/google: invalid token JSON from metadata: EOF
2025/11/10 03:55:44 rpc error: code = Unauthenticated desc = transport: per-RPC creds failed due to error: oauth2/google: invalid token JSON from metadata: EOF
2025/11/10 03:56:44 rpc error: code = Unauthenticated desc = transport: per-RPC creds failed due to error: oauth2/google: invalid token JSON from metadata: EOF
2025/11/10 03:57:44 rpc error: code = Unauthenticated desc = transport: per-RPC creds failed due to error: oauth2/google: invalid token JSON from metadata: EOF
2025/11/10 03:58:44 rpc error: code = Unauthenticated desc = transport: per-RPC creds failed due to error: oauth2/google: invalid token JSON from metadata: EOF
2025/11/10 03:59:44 rpc error: code = Unauthenticated desc = transport: per-RPC creds failed due to error: oauth2/google: invalid token JSON from metadata: EOF
2025/11/10 04:00:44 rpc error: code = Unauthenticated desc = transport: per-RPC creds failed due to error: oauth2/google: invalid token JSON from metadata: EOF
2025/11/10 04:01:44 rpc error: code = Unauthenticated desc = transport: per-RPC creds failed due to error: oauth2/google: invalid token JSON from metadata: EOF
2025/11/10 04:02:44 rpc error: code = Unauthenticated desc = transport: per-RPC creds failed due to error: oauth2/google: invalid token JSON from metadata: EOF
2025/11/10 04:03:44 rpc error: code = Unauthenticated desc = transport: per-RPC creds failed due to error: oauth2/google: invalid token JSON from metadata: EOF
2025/11/10 04:04:44 rpc error: code = Unauthenticated desc = transport: per-RPC creds failed due to error: oauth2/google: invalid token JSON from metadata: EOF
2025/11/10 04:05:44 rpc error: code = Unauthenticated desc = transport: per-RPC creds failed due to error: oauth2/google: invalid token JSON from metadata: EOF
2025/11/10 04:06:44 rpc error: code = Unauthenticated desc = transport: per-RPC creds failed due to error: oauth2/google: invalid token JSON from metadata: EOF
2025/11/10 04:07:44 rpc error: code = Unauthenticated desc = transport: per-RPC creds failed due to error: oauth2/google: invalid token JSON from metadata: EOF
2025/11/10 04:08:44 rpc error: code = Unauthenticated desc = transport: per-RPC creds failed due to error: oauth2/google: invalid token JSON from metadata: EOF
2025/11/10 04:09:44 rpc error: code = Unauthenticated desc = transport: per-RPC creds failed due to error: oauth2/google: invalid token JSON from metadata: EOF
2025/11/10 04:10:44 rpc error: code = Unauthenticated desc = transport: per-RPC creds failed due to error: oauth2/google: invalid token JSON from metadata: EOF
2025/11/10 04:11:44 rpc error: code = Unauthenticated desc = transport: per-RPC creds failed due to error: oauth2/google: invalid token JSON from metadata: EOF
2025/11/10 04:12:44 rpc error: code = Unauthenticated desc = transport: per-RPC creds failed due to error: oauth2/google: invalid token JSON from metadata: EOF
2025/11/10 04:13:44 rpc error: code = Unauthenticated desc = transport: per-RPC creds failed due to error: oauth2/google: invalid token JSON from metadata: EOF
2025/11/10 04:14:44 rpc error: code = Unauthenticated desc = transport: per-RPC creds failed due to error: oauth2/google: invalid token JSON from metadata: EOF
2025/11/10 04:15:44 rpc error: code = Unauthenticated desc = transport: per-RPC creds failed due to error: oauth2/google: invalid token JSON from metadata: EOF
2025/11/10 04:16:44 rpc error: code = Unauthenticated desc = transport: per-RPC creds failed due to error: oauth2/google: invalid token JSON from metadata: EOF
2025/11/10 04:17:44 rpc error: code = Unauthenticated desc = transport: per-RPC creds failed due to error: oauth2/google: invalid token JSON from metadata: EOF
2025/11/10 04:18:44 rpc error: code = Unauthenticated desc = transport: per-RPC creds failed due to error: oauth2/google: invalid token JSON from metadata: EOF
2025/11/10 04:19:44 rpc error: code = Unauthenticated desc = transport: per-RPC creds failed due to error: oauth2/google: invalid token JSON from metadata: EOF
2025/11/10 04:20:44 rpc error: code = Unauthenticated desc = transport: per-RPC creds failed due to error: oauth2/google: invalid token JSON from metadata: EOF
2025/11/10 04:21:44 rpc error: code = Unauthenticated desc = transport: per-RPC creds failed due to error: oauth2/google: invalid token JSON from metadata: EOF
2025/11/10 04:22:44 rpc error: code = Unauthenticated desc = transport: per-RPC creds failed due to error: oauth2/google: invalid token JSON from metadata: EOF
2025/11/10 04:23:44 rpc error: code = Unauthenticated desc = transport: per-RPC creds failed due to error: oauth2/google: invalid token JSON from metadata: EOF
2025/11/10 04:24:44 rpc error: code = Unauthenticated desc = transport: per-RPC creds failed due to error: oauth2/google: invalid token JSON from metadata: EOF
2025/11/10 04:25:44 rpc error: code = Unauthenticated desc = transport: per-RPC creds failed due to error: oauth2/google: invalid token JSON from metadata: EOF
2025/11/10 04:26:44 rpc error: code = Unauthenticated desc = transport: per-RPC creds failed due to error: oauth2/google: invalid token JSON from metadata: EOF
2025/11/10 04:27:44 rpc error: code = Unauthenticated desc = transport: per-RPC creds failed due to error: oauth2/google: invalid token JSON from metadata: EOF
2025/11/10 04:28:44 rpc error: code = Unauthenticated desc = transport: per-RPC creds failed due to error: oauth2/google: invalid token JSON from metadata: EOF
2025/11/10 04:29:44 rpc error: code = Unauthenticated desc = transport: per-RPC creds failed due to error: oauth2/google: invalid token JSON from metadata: EOF
2025/11/10 04:30:44 rpc error: code = Unauthenticated desc = transport: per-RPC creds failed due to error: oauth2/google: invalid token JSON from metadata: EOF
2025/11/10 04:31:44 rpc error: code = Unauthenticated desc = transport: per-RPC creds failed due to error: oauth2/google: invalid token JSON from metadata: EOF
2025/11/10 04:32:44 rpc error: code = Unauthenticated desc = transport: per-RPC creds failed due to error: oauth2/google: invalid token JSON from metadata: EOF
2025/11/10 04:33:44 rpc error: code = Unauthenticated desc = transport: per-RPC creds failed due to error: oauth2/google: invalid token JSON from metadata: EOF
2025/11/10 04:34:44 rpc error: code = Unauthenticated desc = transport: per-RPC creds failed due to error: oauth2/google: invalid token JSON from metadata: EOF
2025/11/10 04:35:44 rpc error: code = Unauthenticated desc = transport: per-RPC creds failed due to error: oauth2/google: invalid token JSON from metadata: EOF
2025/11/10 04:36:44 rpc error: code = Unauthenticated desc = transport: per-RPC creds failed due to error: oauth2/google: invalid token JSON from metadata: EOF
2025/11/10 04:37:44 rpc error: code = Unauthenticated desc = transport: per-RPC creds failed due to error: oauth2/google: invalid token JSON from metadata: EOF
2025/11/10 04:38:44 rpc error: code = Unauthenticated desc = transport: per-RPC creds failed due to error: oauth2/google: invalid token JSON from metadata: EOF
2025/11/10 04:39:44 rpc error: code = Unauthenticated desc = transport: per-RPC creds failed due to error: oauth2/google: invalid token JSON from metadata: EOF
2025/11/10 04:40:44 rpc error: code = Unauthenticated desc = transport: per-RPC creds failed due to error: oauth2/google: invalid token JSON from metadata: EOF
2025/11/10 04:41:44 rpc error: code = Unauthenticated desc = transport: per-RPC creds failed due to error: oauth2/google: invalid token JSON from metadata: EOF
2025/11/10 04:42:44 rpc error: code = Unauthenticated desc = transport: per-RPC creds failed due to error: oauth2/google: invalid token JSON from metadata: EOF
2025/11/10 04:43:44 rpc error: code = Unauthenticated desc = transport: per-RPC creds failed due to error: oauth2/google: invalid token JSON from metadata: EOF
2025/11/10 04:44:44 rpc error: code = Unauthenticated desc = transport: per-RPC creds failed due to error: oauth2/google: invalid token JSON from metadata: EOF
2025/11/10 04:45:44 rpc error: code = Unauthenticated desc = transport: per-RPC creds failed due to error: oauth2/google: invalid token JSON from metadata: EOF
2025/11/10 04:46:44 rpc error: code = Unauthenticated desc = transport: per-RPC creds failed due to error: oauth2/google: invalid token JSON from metadata: EOF
2025/11/10 04:47:44 rpc error: code = Unauthenticated desc = transport: per-RPC creds failed due to error: oauth2/google: invalid token JSON from metadata: EOF
2025/11/10 04:48:44 rpc error: code = Unauthenticated desc = transport: per-RPC creds failed due to error: oauth2/google: invalid token JSON from metadata: EOF
2025/11/10 04:49:44 rpc error: code = Unauthenticated desc = transport: per-RPC creds failed due to error: oauth2/google: invalid token JSON from metadata: EOF
2025/11/10 04:50:44 rpc error: code = Unauthenticated desc = transport: per-RPC creds failed due to error: oauth2/google: invalid token JSON from metadata: EOF
2025/11/10 04:51:44 rpc error: code = Unauthenticated desc = transport: per-RPC creds failed due to error: oauth2/google: invalid token JSON from metadata: EOF
2025/11/10 04:52:44 rpc error: code = Unauthenticated desc = transport: per-RPC creds failed due to error: oauth2/google: invalid token JSON from metadata: EOF
2025/11/10 04:53:44 rpc error: code = Unauthenticated desc = transport: per-RPC creds failed due to error: oauth2/google: invalid token JSON from metadata: EOF
2025/11/10 04:54:44 rpc error: code = Unauthenticated desc = transport: per-RPC creds failed due to error: oauth2/google: invalid token JSON from metadata: EOF
2025/11/10 04:55:44 rpc error: code = Unauthenticated desc = transport: per-RPC creds failed due to error: oauth2/google: invalid token JSON from metadata: EOF
2025/11/10 04:56:44 rpc error: code = Unauthenticated desc = transport: per-RPC creds failed due to error: oauth2/google: invalid token JSON from metadata: EOF
2025/11/10 04:57:44 rpc error: code = Unauthenticated desc = transport: per-RPC creds failed due to error: oauth2/google: invalid token JSON from metadata: EOF
2025/11/10 04:58:44 rpc error: code = Unauthenticated desc = transport: per-RPC creds failed due to error: oauth2/google: invalid token JSON from metadata: EOF
2025/11/10 04:59:44 rpc error: code = Unauthenticated desc = transport: per-RPC creds failed due to error: oauth2/google: invalid token JSON from metadata: EOF
2025/11/10 05:00:44 rpc error: code = Unauthenticated desc = transport: per-RPC creds failed due to error: oauth2/google: invalid token JSON from metadata: EOF
2025/11/10 05:01:44 rpc error: code = Unauthenticated desc = transport: per-RPC creds failed due to error: oauth2/google: invalid token JSON from metadata: EOF
2025/11/10 05:02:44 rpc error: code = Unauthenticated desc = transport: per-RPC creds failed due to error: oauth2/google: invalid token JSON from metadata: EOF
2025/11/10 05:03:44 rpc error: code = Unauthenticated desc = transport: per-RPC creds failed due to error: oauth2/google: invalid token JSON from metadata: EOF
2025/11/10 05:04:44 rpc error: code = Unauthenticated desc = transport: per-RPC creds failed due to error: oauth2/google: invalid token JSON from metadata: EOF
2025/11/10 05:05:44 rpc error: code = Unauthenticated desc = transport: per-RPC creds failed due to error: oauth2/google: invalid token JSON from metadata: EOF
2025/11/10 05:06:44 rpc error: code = Unauthenticated desc = transport: per-RPC creds failed due to error: oauth2/google: invalid token JSON from metadata: EOF
2025/11/10 05:07:44 rpc error: code = Unauthenticated desc = transport: per-RPC creds failed due to error: oauth2/google: invalid token JSON from metadata: EOF
2025/11/10 05:08:44 rpc error: code = Unauthenticated desc = transport: per-RPC creds failed due to error: oauth2/google: invalid token JSON from metadata: EOF
2025/11/10 05:09:44 rpc error: code = Unauthenticated desc = transport: per-RPC creds failed due to error: oauth2/google: invalid token JSON from metadata: EOF
2025/11/10 05:10:44 rpc error: code = Unauthenticated desc = transport: per-RPC creds failed due to error: oauth2/google: invalid token JSON from metadata: EOF
2025/11/10 05:11:44 rpc error: code = Unauthenticated desc = transport: per-RPC creds failed due to error: oauth2/google: invalid token JSON from metadata: EOF
2025/11/10 05:12:44 rpc error: code = Unauthenticated desc = transport: per-RPC creds failed due to error: oauth2/google: invalid token JSON from metadata: EOF
2025/11/10 05:13:44 rpc error: code = Unauthenticated desc = transport: per-RPC creds failed due to error: oauth2/google: invalid token JSON from metadata: EOF
2025/11/10 05:14:44 rpc error: code = Unauthenticated desc = transport: per-RPC creds failed due to error: oauth2/google: invalid token JSON from metadata: EOF
2025/11/10 05:15:44 rpc error: code = Unauthenticated desc = transport: per-RPC creds failed due to error: oauth2/google: invalid token JSON from metadata: EOF
2025/11/10 05:16:44 rpc error: code = Unauthenticated desc = transport: per-RPC creds failed due to error: oauth2/google: invalid token JSON from metadata: EOF
2025/11/10 05:17:44 rpc error: code = Unauthenticated desc = transport: per-RPC creds failed due to error: oauth2/google: invalid token JSON from metadata: EOF
2025/11/10 05:18:44 rpc error: code = Unauthenticated desc = transport: per-RPC creds failed due to error: oauth2/google: invalid token JSON from metadata: EOF
2025/11/10 05:19:44 rpc error: code = Unauthenticated desc = transport: per-RPC creds failed due to error: oauth2/google: invalid token JSON from metadata: EOF
2025/11/10 05:20:44 rpc error: code = Unauthenticated desc = transport: per-RPC creds failed due to error: oauth2/google: invalid token JSON from metadata: EOF
2025/11/10 05:21:44 rpc error: code = Unauthenticated desc = transport: per-RPC creds failed due to error: oauth2/google: invalid token JSON from metadata: EOF
2025/11/10 05:22:44 rpc error: code = Unauthenticated desc = transport: per-RPC creds failed due to error: oauth2/google: invalid token JSON from metadata: EOF
